Files already downloaded and verified
30000 Noisy samples
Class 0, number of noisy  3000
Class 1, number of noisy  3000
Class 2, number of noisy  3000
Class 3, number of noisy  3000
Class 4, number of noisy  3000
Class 5, number of noisy  3000
Class 6, number of noisy  3000
Class 7, number of noisy  3000
Class 8, number of noisy  3000
Class 9, number of noisy  3000
30000
Print noisy label generation statistics:
Noisy class 0, has 5021 samples.
Noisy class 1, has 5061 samples.
Noisy class 2, has 4962 samples.
Noisy class 3, has 5000 samples.
Noisy class 4, has 5029 samples.
Noisy class 5, has 4972 samples.
Noisy class 6, has 4953 samples.
Noisy class 7, has 5040 samples.
Noisy class 8, has 4983 samples.
Noisy class 9, has 4979 samples.
Files already downloaded and verified
Num of train 50000
Num of test 10000
module.block1.0.out_conv.0.weight
module.block1.0.out_conv.0.bias
module.block1.0.out_conv.1.weight
module.block1.0.out_conv.1.bias
module.block1.1.out_conv.0.weight
module.block1.1.out_conv.0.bias
module.block1.1.out_conv.1.weight
module.block1.1.out_conv.1.bias
module.block2.0.out_conv.0.weight
module.block2.0.out_conv.0.bias
module.block2.0.out_conv.1.weight
module.block2.0.out_conv.1.bias
module.block2.1.out_conv.0.weight
module.block2.1.out_conv.0.bias
module.block2.1.out_conv.1.weight
module.block2.1.out_conv.1.bias
module.block3.0.out_conv.0.weight
module.block3.0.out_conv.0.bias
module.block3.0.out_conv.1.weight
module.block3.0.out_conv.1.bias
module.block3.1.out_conv.0.weight
module.block3.1.out_conv.0.bias
module.block3.1.out_conv.1.weight
module.block3.1.out_conv.1.bias
module.fc1.0.weight
module.fc1.0.bias
module.fc1.1.weight
module.fc1.1.bias
module.fc2.weight
module.fc2.bias
[Parameter containing:
tensor([[-0.0111,  0.0013, -0.0143,  ..., -0.0148, -0.0124, -0.0050],
        [ 0.0104,  0.0137, -0.0039,  ...,  0.0036, -0.0057, -0.0122],
        [-0.0019, -0.0024,  0.0178,  ...,  0.0167, -0.0167, -0.0174],
        ...,
        [-0.0050, -0.0148, -0.0100,  ..., -0.0097,  0.0126,  0.0011],
        [-0.0120,  0.0153, -0.0148,  ...,  0.0160, -0.0177, -0.0126],
        [ 0.0116, -0.0015, -0.0172,  ..., -0.0134, -0.0117, -0.0157]],
       device='cuda:0', requires_grad=True), Parameter containing:
tensor([ 1.1132e-02,  2.0019e-03,  1.3386e-02, -3.5718e-03, -1.2956e-02,
        -6.8858e-03, -1.7530e-02,  1.8709e-04, -1.6650e-02,  7.0408e-03,
         9.6606e-03,  7.1381e-03, -1.1294e-02, -8.8210e-03, -1.0080e-02,
        -7.3711e-03,  1.5645e-02, -3.7580e-03,  2.9912e-03, -1.0030e-03,
        -1.5281e-02,  9.7235e-03, -4.0128e-03,  1.3090e-02, -1.3827e-02,
        -1.1884e-02, -1.1550e-02,  1.3726e-02, -1.6534e-02,  3.0398e-03,
         1.2447e-02,  1.6262e-02, -3.1459e-03, -6.6579e-04,  9.0411e-03,
        -1.7403e-02,  1.1365e-02,  6.8926e-03,  1.4707e-02, -8.1119e-03,
         6.9379e-03, -9.9055e-03, -2.7535e-03, -7.7944e-03, -1.5324e-02,
        -1.1728e-02,  4.2204e-03,  4.1267e-03,  1.2045e-02, -1.0224e-02,
        -7.1543e-03,  1.0003e-02,  3.9428e-03,  1.3940e-02,  9.7096e-03,
        -1.0573e-02, -1.5745e-02, -1.9448e-03, -8.6159e-03,  8.6614e-03,
        -1.1028e-02, -1.8891e-03,  1.3099e-02, -6.4459e-03,  9.9403e-03,
        -3.9618e-03,  7.5483e-03, -9.7305e-03, -1.7271e-02,  1.5443e-02,
         9.8381e-03, -1.6674e-02, -1.0706e-02,  8.6851e-03,  1.4598e-02,
         7.8584e-03,  6.3097e-03,  9.5438e-03,  4.3574e-03, -1.6690e-02,
         9.9991e-03,  3.2754e-03, -1.3888e-02, -1.2242e-02, -7.0633e-03,
         9.8315e-03,  6.7411e-03,  1.5811e-03, -1.3567e-02, -2.8551e-03,
         2.5157e-03, -8.0459e-03, -5.2838e-03,  8.0786e-03,  1.5395e-02,
        -1.7737e-02,  5.5063e-03,  1.0227e-02, -6.5905e-03, -5.6019e-04,
         5.6481e-03,  6.6754e-03,  1.0435e-02,  1.4311e-02, -1.6020e-02,
         7.6807e-03,  9.0932e-03,  4.7488e-03, -1.5027e-02, -4.2796e-03,
         3.6350e-03, -1.0711e-02,  1.7155e-02,  4.5678e-03, -4.8724e-03,
        -1.2345e-02, -7.2347e-05,  1.0380e-02, -5.3251e-03,  5.5703e-03,
        -8.8213e-03,  3.7629e-04, -1.6433e-02,  3.9387e-03,  9.8665e-03,
        -9.8232e-03,  1.5844e-02,  2.5577e-04, -1.0976e-02,  6.1052e-03,
         6.8099e-03, -2.5831e-03,  7.7133e-03,  5.8791e-03,  5.1739e-03,
        -4.3753e-03, -1.1577e-02,  1.2957e-02, -1.5040e-02,  6.2871e-04,
        -8.9776e-04,  4.8209e-03,  2.5176e-03,  4.0280e-03,  2.1681e-03,
         5.3535e-03,  8.0881e-03,  1.6560e-02,  1.6234e-02, -8.9149e-03,
         1.2992e-02,  4.4833e-04, -8.4024e-03, -5.9463e-03,  5.9301e-04,
         1.3416e-02, -3.8319e-03, -3.1748e-04,  4.2275e-03, -1.6546e-02,
         8.5432e-03,  4.6799e-03,  1.2361e-02, -9.4912e-03, -8.2552e-03,
        -1.6306e-02, -4.7149e-03, -3.1477e-03,  1.1656e-02,  8.7817e-03,
         1.0393e-02, -2.5913e-03,  1.1470e-02,  1.7009e-02,  1.0685e-02,
         5.1882e-04, -1.0021e-03, -1.4083e-02,  2.8972e-03,  1.0720e-02,
        -1.5175e-02,  1.4783e-02, -3.0455e-03,  1.3387e-02, -1.1879e-02,
        -1.1227e-03, -7.0678e-03,  2.7351e-03, -6.8727e-03, -4.9843e-04,
         5.3178e-03,  5.6982e-03,  1.6884e-02,  1.6148e-02, -1.1382e-03,
         1.4517e-02, -1.6441e-02,  7.0480e-03, -1.6355e-02,  6.1137e-03,
        -7.9291e-03,  1.2557e-02, -1.1674e-02, -1.6733e-02,  1.4066e-02,
        -1.7113e-02, -1.6141e-02, -4.3491e-03,  5.9505e-04,  1.1840e-02,
        -1.7841e-03,  9.9050e-03,  1.2141e-02,  8.5385e-04, -1.2412e-02,
        -1.0736e-02, -1.0279e-02,  1.1327e-02,  1.5941e-02, -1.2937e-02,
         1.2258e-02, -1.7145e-02, -1.2340e-02,  6.9058e-03, -8.0072e-04,
         7.4443e-04, -1.3244e-02,  1.2899e-02, -1.0206e-02,  1.2103e-02,
        -2.1004e-03, -1.5804e-02,  4.5038e-03, -4.7989e-03,  1.0551e-02,
         1.2587e-02, -9.9973e-03,  1.6248e-02, -8.8987e-03,  1.3220e-02,
        -2.7255e-03, -7.0158e-03,  1.1806e-02,  6.7178e-03, -1.8757e-03,
         7.2692e-03, -8.5023e-04,  1.4728e-02,  9.1011e-03,  7.2266e-03,
        -9.6755e-03,  9.5403e-03,  8.0972e-03, -9.0435e-03, -2.9301e-03,
        -1.5547e-02], device='cuda:0', requires_grad=True), Parameter containing:
tensor([1., 1., 1., 1., 1., 1., 1., 1., 1., 1., 1., 1., 1., 1., 1., 1., 1., 1.,
        1., 1., 1., 1., 1., 1., 1., 1., 1., 1., 1., 1., 1., 1., 1., 1., 1., 1.,
        1., 1., 1., 1., 1., 1., 1., 1., 1., 1., 1., 1., 1., 1., 1., 1., 1., 1.,
        1., 1., 1., 1., 1., 1., 1., 1., 1., 1., 1., 1., 1., 1., 1., 1., 1., 1.,
        1., 1., 1., 1., 1., 1., 1., 1., 1., 1., 1., 1., 1., 1., 1., 1., 1., 1.,
        1., 1., 1., 1., 1., 1., 1., 1., 1., 1., 1., 1., 1., 1., 1., 1., 1., 1.,
        1., 1., 1., 1., 1., 1., 1., 1., 1., 1., 1., 1., 1., 1., 1., 1., 1., 1.,
        1., 1., 1., 1., 1., 1., 1., 1., 1., 1., 1., 1., 1., 1., 1., 1., 1., 1.,
        1., 1., 1., 1., 1., 1., 1., 1., 1., 1., 1., 1., 1., 1., 1., 1., 1., 1.,
        1., 1., 1., 1., 1., 1., 1., 1., 1., 1., 1., 1., 1., 1., 1., 1., 1., 1.,
        1., 1., 1., 1., 1., 1., 1., 1., 1., 1., 1., 1., 1., 1., 1., 1., 1., 1.,
        1., 1., 1., 1., 1., 1., 1., 1., 1., 1., 1., 1., 1., 1., 1., 1., 1., 1.,
        1., 1., 1., 1., 1., 1., 1., 1., 1., 1., 1., 1., 1., 1., 1., 1., 1., 1.,
        1., 1., 1., 1., 1., 1., 1., 1., 1., 1., 1., 1., 1., 1., 1., 1., 1., 1.,
        1., 1., 1., 1.], device='cuda:0', requires_grad=True), Parameter containing:
tensor([0., 0., 0., 0., 0., 0., 0., 0., 0., 0., 0., 0., 0., 0., 0., 0., 0., 0., 0., 0., 0., 0., 0., 0.,
        0., 0., 0., 0., 0., 0., 0., 0., 0., 0., 0., 0., 0., 0., 0., 0., 0., 0., 0., 0., 0., 0., 0., 0.,
        0., 0., 0., 0., 0., 0., 0., 0., 0., 0., 0., 0., 0., 0., 0., 0., 0., 0., 0., 0., 0., 0., 0., 0.,
        0., 0., 0., 0., 0., 0., 0., 0., 0., 0., 0., 0., 0., 0., 0., 0., 0., 0., 0., 0., 0., 0., 0., 0.,
        0., 0., 0., 0., 0., 0., 0., 0., 0., 0., 0., 0., 0., 0., 0., 0., 0., 0., 0., 0., 0., 0., 0., 0.,
        0., 0., 0., 0., 0., 0., 0., 0., 0., 0., 0., 0., 0., 0., 0., 0., 0., 0., 0., 0., 0., 0., 0., 0.,
        0., 0., 0., 0., 0., 0., 0., 0., 0., 0., 0., 0., 0., 0., 0., 0., 0., 0., 0., 0., 0., 0., 0., 0.,
        0., 0., 0., 0., 0., 0., 0., 0., 0., 0., 0., 0., 0., 0., 0., 0., 0., 0., 0., 0., 0., 0., 0., 0.,
        0., 0., 0., 0., 0., 0., 0., 0., 0., 0., 0., 0., 0., 0., 0., 0., 0., 0., 0., 0., 0., 0., 0., 0.,
        0., 0., 0., 0., 0., 0., 0., 0., 0., 0., 0., 0., 0., 0., 0., 0., 0., 0., 0., 0., 0., 0., 0., 0.,
        0., 0., 0., 0., 0., 0., 0., 0., 0., 0., 0., 0., 0., 0., 0., 0.],
       device='cuda:0', requires_grad=True)]
