Files already downloaded and verified
20000 Noisy samples
Class 0, number of noisy  2000
Class 1, number of noisy  2000
Class 2, number of noisy  2000
Class 3, number of noisy  2000
Class 4, number of noisy  2000
Class 5, number of noisy  2000
Class 6, number of noisy  2000
Class 7, number of noisy  2000
Class 8, number of noisy  2000
Class 9, number of noisy  2000
20000
Print noisy label generation statistics:
Noisy class 0, has 4991 samples.
Noisy class 1, has 5026 samples.
Noisy class 2, has 4987 samples.
Noisy class 3, has 5025 samples.
Noisy class 4, has 5045 samples.
Noisy class 5, has 4962 samples.
Noisy class 6, has 4969 samples.
Noisy class 7, has 5050 samples.
Noisy class 8, has 4984 samples.
Noisy class 9, has 4961 samples.
Files already downloaded and verified
Num of train 50000
Num of test 10000
module.block1.0.out_conv.0.weight
module.block1.0.out_conv.0.bias
module.block1.0.out_conv.1.weight
module.block1.0.out_conv.1.bias
module.block1.1.out_conv.0.weight
module.block1.1.out_conv.0.bias
module.block1.1.out_conv.1.weight
module.block1.1.out_conv.1.bias
module.block2.0.out_conv.0.weight
module.block2.0.out_conv.0.bias
module.block2.0.out_conv.1.weight
module.block2.0.out_conv.1.bias
module.block2.1.out_conv.0.weight
module.block2.1.out_conv.0.bias
module.block2.1.out_conv.1.weight
module.block2.1.out_conv.1.bias
module.block3.0.out_conv.0.weight
module.block3.0.out_conv.0.bias
module.block3.0.out_conv.1.weight
module.block3.0.out_conv.1.bias
module.block3.1.out_conv.0.weight
module.block3.1.out_conv.0.bias
module.block3.1.out_conv.1.weight
module.block3.1.out_conv.1.bias
module.fc1.0.weight
module.fc1.0.bias
module.fc1.1.weight
module.fc1.1.bias
module.fc2.weight
module.fc2.bias
[Parameter containing:
tensor([[-0.0016, -0.0113,  0.0054,  ..., -0.0175,  0.0078, -0.0033],
        [ 0.0173,  0.0060, -0.0124,  ..., -0.0070, -0.0050,  0.0106],
        [ 0.0004,  0.0087,  0.0131,  ...,  0.0066,  0.0139,  0.0066],
        ...,
        [-0.0104, -0.0014, -0.0168,  ..., -0.0163,  0.0169, -0.0121],
        [ 0.0110, -0.0104,  0.0060,  ..., -0.0053, -0.0107, -0.0074],
        [ 0.0052, -0.0134,  0.0086,  ...,  0.0125,  0.0052, -0.0072]],
       device='cuda:0', requires_grad=True), Parameter containing:
tensor([ 4.0119e-03,  1.1917e-02, -4.2130e-03, -1.1203e-02, -8.5879e-03,
        -1.1248e-02,  9.9763e-03,  5.8738e-05,  1.1187e-02, -1.2136e-02,
        -1.1525e-02,  4.5837e-03,  1.3108e-02, -1.2603e-02, -2.6176e-03,
         7.7848e-04,  8.4431e-03, -2.4225e-03, -1.2813e-02,  8.7826e-03,
        -1.6931e-02, -4.2935e-03,  1.6302e-03, -1.2621e-02, -1.1640e-02,
         1.5328e-02,  1.4439e-03, -1.0931e-02,  1.4870e-02, -3.9940e-03,
         2.1626e-03, -6.3710e-03, -1.4732e-02, -4.9298e-03, -1.1484e-02,
         4.9795e-03,  8.1274e-03, -1.2912e-02,  1.1424e-02, -4.2164e-03,
        -1.1623e-02, -1.6523e-02, -1.1228e-02,  1.6992e-02, -1.0540e-02,
        -5.2164e-03, -1.3609e-02, -5.9092e-03, -8.9411e-04,  1.4469e-02,
         6.2174e-03,  7.2938e-03, -3.8784e-03,  3.9444e-03, -1.1657e-02,
        -4.4416e-03,  1.4566e-02, -1.3298e-02,  6.4440e-03,  4.5903e-03,
        -2.0551e-03, -3.5637e-03,  1.3037e-02,  4.4043e-03,  5.6365e-03,
         3.4985e-03, -1.3716e-02,  1.0135e-02, -1.2584e-02, -1.2774e-02,
         1.5121e-02,  1.3694e-02, -6.7295e-03, -1.3832e-02, -2.3398e-03,
        -6.1937e-03,  2.0651e-03, -8.9888e-03,  1.4748e-02, -5.8292e-03,
        -1.4113e-02, -1.9965e-03, -1.2770e-02, -9.9922e-03,  2.8625e-03,
        -6.7900e-03,  6.4176e-03,  1.6055e-02,  9.8574e-03,  3.3835e-03,
         1.5120e-02,  2.2616e-03, -4.3662e-04,  9.0520e-03, -5.1249e-03,
        -1.5148e-02,  6.3762e-04,  1.0690e-03, -1.2253e-02, -1.4988e-02,
        -6.0943e-03, -1.2433e-02, -1.4516e-03,  1.6633e-02,  1.4845e-02,
         7.0540e-03, -5.4799e-03,  9.9546e-03,  1.3027e-02,  9.6686e-03,
         3.7944e-03,  7.1691e-03, -1.2020e-02,  1.7014e-02, -8.6270e-03,
        -1.3141e-02,  1.7736e-02,  8.4642e-04,  1.7343e-02, -1.0964e-02,
        -1.3411e-02, -1.4510e-02, -1.0946e-02, -1.7558e-02, -1.3405e-02,
        -3.1265e-03, -1.0282e-02,  1.6781e-02, -4.0972e-03,  5.3109e-03,
         5.2842e-03, -9.4758e-03,  6.0978e-03, -1.6169e-02, -1.2236e-02,
        -2.6136e-03, -9.1666e-04, -4.0590e-03,  1.3733e-02, -8.4118e-03,
        -9.3931e-03,  1.4742e-03,  1.4567e-02, -7.6387e-03,  1.6984e-02,
        -6.5161e-03,  3.5693e-03,  1.4231e-02,  4.7278e-04,  2.1340e-03,
        -4.9477e-03,  2.6159e-04, -8.7803e-03,  3.3619e-03,  7.9959e-03,
         1.5468e-02, -5.3748e-03,  1.2737e-02,  5.8268e-03, -1.2186e-02,
         1.7813e-03, -6.3159e-03,  1.2520e-02,  6.7549e-03,  2.9249e-03,
         1.4877e-02,  1.7061e-02, -1.6566e-02,  1.2246e-02, -3.1065e-03,
        -1.4526e-02,  1.4485e-02, -5.5931e-03, -1.4178e-03,  3.3940e-03,
        -3.0227e-03, -1.6959e-02, -1.1910e-02, -1.3504e-02, -1.2411e-02,
        -3.6289e-04,  6.4642e-03,  1.3978e-03, -1.5317e-02, -7.4586e-03,
         1.4789e-02, -7.9041e-03,  3.0913e-03, -6.9514e-03,  1.3448e-03,
         7.8269e-03, -1.1029e-02,  1.2542e-03,  4.9618e-03, -7.1669e-03,
         1.0248e-02,  1.0777e-02,  1.5565e-02, -3.7760e-03, -2.8869e-03,
         1.4293e-02,  5.9538e-03, -9.5716e-03, -8.6951e-03, -2.8379e-03,
         4.4157e-03,  1.1764e-02,  4.6211e-03, -6.0511e-03, -3.1509e-03,
         9.8503e-03, -7.6285e-03, -2.2460e-05,  9.7465e-04,  4.5967e-03,
         5.1256e-04, -7.7462e-03,  4.1826e-03,  6.3429e-03,  7.8964e-03,
        -8.1679e-03,  7.8995e-04, -1.0879e-02,  9.1065e-03,  1.0352e-02,
        -1.5404e-02, -4.3555e-03,  5.7910e-03,  1.5227e-02,  1.1551e-02,
        -1.5430e-02, -2.8144e-03,  1.2592e-02, -8.9971e-03, -1.2879e-02,
         9.0516e-03,  2.7394e-03,  8.5594e-03,  1.2623e-02, -1.7267e-02,
         9.0933e-03,  1.5307e-02, -1.7862e-03, -1.0613e-02,  7.8569e-04,
         6.7223e-03,  9.4898e-03,  1.6674e-02, -1.0728e-02, -1.3232e-02,
         1.3272e-02, -8.9889e-03, -9.6120e-03, -1.7710e-02,  1.2782e-02,
        -1.0386e-02], device='cuda:0', requires_grad=True), Parameter containing:
tensor([1., 1., 1., 1., 1., 1., 1., 1., 1., 1., 1., 1., 1., 1., 1., 1., 1., 1.,
        1., 1., 1., 1., 1., 1., 1., 1., 1., 1., 1., 1., 1., 1., 1., 1., 1., 1.,
        1., 1., 1., 1., 1., 1., 1., 1., 1., 1., 1., 1., 1., 1., 1., 1., 1., 1.,
        1., 1., 1., 1., 1., 1., 1., 1., 1., 1., 1., 1., 1., 1., 1., 1., 1., 1.,
        1., 1., 1., 1., 1., 1., 1., 1., 1., 1., 1., 1., 1., 1., 1., 1., 1., 1.,
        1., 1., 1., 1., 1., 1., 1., 1., 1., 1., 1., 1., 1., 1., 1., 1., 1., 1.,
        1., 1., 1., 1., 1., 1., 1., 1., 1., 1., 1., 1., 1., 1., 1., 1., 1., 1.,
        1., 1., 1., 1., 1., 1., 1., 1., 1., 1., 1., 1., 1., 1., 1., 1., 1., 1.,
        1., 1., 1., 1., 1., 1., 1., 1., 1., 1., 1., 1., 1., 1., 1., 1., 1., 1.,
        1., 1., 1., 1., 1., 1., 1., 1., 1., 1., 1., 1., 1., 1., 1., 1., 1., 1.,
        1., 1., 1., 1., 1., 1., 1., 1., 1., 1., 1., 1., 1., 1., 1., 1., 1., 1.,
        1., 1., 1., 1., 1., 1., 1., 1., 1., 1., 1., 1., 1., 1., 1., 1., 1., 1.,
        1., 1., 1., 1., 1., 1., 1., 1., 1., 1., 1., 1., 1., 1., 1., 1., 1., 1.,
        1., 1., 1., 1., 1., 1., 1., 1., 1., 1., 1., 1., 1., 1., 1., 1., 1., 1.,
        1., 1., 1., 1.], device='cuda:0', requires_grad=True), Parameter containing:
tensor([0., 0., 0., 0., 0., 0., 0., 0., 0., 0., 0., 0., 0., 0., 0., 0., 0., 0., 0., 0., 0., 0., 0., 0.,
        0., 0., 0., 0., 0., 0., 0., 0., 0., 0., 0., 0., 0., 0., 0., 0., 0., 0., 0., 0., 0., 0., 0., 0.,
        0., 0., 0., 0., 0., 0., 0., 0., 0., 0., 0., 0., 0., 0., 0., 0., 0., 0., 0., 0., 0., 0., 0., 0.,
        0., 0., 0., 0., 0., 0., 0., 0., 0., 0., 0., 0., 0., 0., 0., 0., 0., 0., 0., 0., 0., 0., 0., 0.,
        0., 0., 0., 0., 0., 0., 0., 0., 0., 0., 0., 0., 0., 0., 0., 0., 0., 0., 0., 0., 0., 0., 0., 0.,
        0., 0., 0., 0., 0., 0., 0., 0., 0., 0., 0., 0., 0., 0., 0., 0., 0., 0., 0., 0., 0., 0., 0., 0.,
        0., 0., 0., 0., 0., 0., 0., 0., 0., 0., 0., 0., 0., 0., 0., 0., 0., 0., 0., 0., 0., 0., 0., 0.,
        0., 0., 0., 0., 0., 0., 0., 0., 0., 0., 0., 0., 0., 0., 0., 0., 0., 0., 0., 0., 0., 0., 0., 0.,
        0., 0., 0., 0., 0., 0., 0., 0., 0., 0., 0., 0., 0., 0., 0., 0., 0., 0., 0., 0., 0., 0., 0., 0.,
        0., 0., 0., 0., 0., 0., 0., 0., 0., 0., 0., 0., 0., 0., 0., 0., 0., 0., 0., 0., 0., 0., 0., 0.,
        0., 0., 0., 0., 0., 0., 0., 0., 0., 0., 0., 0., 0., 0., 0., 0.],
       device='cuda:0', requires_grad=True)]
