Files already downloaded and verified
Files already downloaded and verified
Num of train 50000
Num of test 10000
module.conv1.weight
module.bn1.weight
module.bn1.bias
module.layer1.0.conv1.weight
module.layer1.0.bn1.weight
module.layer1.0.bn1.bias
module.layer1.0.conv2.weight
module.layer1.0.bn2.weight
module.layer1.0.bn2.bias
module.layer1.1.conv1.weight
module.layer1.1.bn1.weight
module.layer1.1.bn1.bias
module.layer1.1.conv2.weight
module.layer1.1.bn2.weight
module.layer1.1.bn2.bias
module.layer1.2.conv1.weight
module.layer1.2.bn1.weight
module.layer1.2.bn1.bias
module.layer1.2.conv2.weight
module.layer1.2.bn2.weight
module.layer1.2.bn2.bias
module.layer2.0.conv1.weight
module.layer2.0.bn1.weight
module.layer2.0.bn1.bias
module.layer2.0.conv2.weight
module.layer2.0.bn2.weight
module.layer2.0.bn2.bias
module.layer2.0.shortcut.0.weight
module.layer2.0.shortcut.1.weight
module.layer2.0.shortcut.1.bias
module.layer2.1.conv1.weight
module.layer2.1.bn1.weight
module.layer2.1.bn1.bias
module.layer2.1.conv2.weight
module.layer2.1.bn2.weight
module.layer2.1.bn2.bias
module.layer2.2.conv1.weight
module.layer2.2.bn1.weight
module.layer2.2.bn1.bias
module.layer2.2.conv2.weight
module.layer2.2.bn2.weight
module.layer2.2.bn2.bias
module.layer2.3.conv1.weight
module.layer2.3.bn1.weight
module.layer2.3.bn1.bias
module.layer2.3.conv2.weight
module.layer2.3.bn2.weight
module.layer2.3.bn2.bias
module.layer3.0.conv1.weight
module.layer3.0.bn1.weight
module.layer3.0.bn1.bias
module.layer3.0.conv2.weight
module.layer3.0.bn2.weight
module.layer3.0.bn2.bias
module.layer3.0.shortcut.0.weight
module.layer3.0.shortcut.1.weight
module.layer3.0.shortcut.1.bias
module.layer3.1.conv1.weight
module.layer3.1.bn1.weight
module.layer3.1.bn1.bias
module.layer3.1.conv2.weight
module.layer3.1.bn2.weight
module.layer3.1.bn2.bias
module.layer3.2.conv1.weight
module.layer3.2.bn1.weight
module.layer3.2.bn1.bias
module.layer3.2.conv2.weight
module.layer3.2.bn2.weight
module.layer3.2.bn2.bias
module.layer3.3.conv1.weight
module.layer3.3.bn1.weight
module.layer3.3.bn1.bias
module.layer3.3.conv2.weight
module.layer3.3.bn2.weight
module.layer3.3.bn2.bias
module.layer3.4.conv1.weight
module.layer3.4.bn1.weight
module.layer3.4.bn1.bias
module.layer3.4.conv2.weight
module.layer3.4.bn2.weight
module.layer3.4.bn2.bias
module.layer3.5.conv1.weight
module.layer3.5.bn1.weight
module.layer3.5.bn1.bias
module.layer3.5.conv2.weight
module.layer3.5.bn2.weight
module.layer3.5.bn2.bias
module.layer4.0.conv1.weight
module.layer4.0.bn1.weight
module.layer4.0.bn1.bias
module.layer4.0.conv2.weight
module.layer4.0.bn2.weight
module.layer4.0.bn2.bias
module.layer4.0.shortcut.0.weight
module.layer4.0.shortcut.1.weight
module.layer4.0.shortcut.1.bias
module.layer4.1.conv1.weight
module.layer4.1.bn1.weight
module.layer4.1.bn1.bias
module.layer4.1.conv2.weight
module.layer4.1.bn2.weight
module.layer4.1.bn2.bias
module.layer4.2.conv1.weight
module.layer4.2.bn1.weight
module.layer4.2.bn1.bias
module.layer4.2.conv2.weight
module.layer4.2.bn2.weight
module.layer4.2.bn2.bias
module.linear.weight
module.linear.bias
[]
