Files already downloaded and verified
Files already downloaded and verified
Num of train 50000
Num of test 10000
module.block1.0.out_conv.0.weight
module.block1.0.out_conv.0.bias
module.block1.0.out_conv.1.weight
module.block1.0.out_conv.1.bias
module.block1.1.out_conv.0.weight
module.block1.1.out_conv.0.bias
module.block1.1.out_conv.1.weight
module.block1.1.out_conv.1.bias
module.block2.0.out_conv.0.weight
module.block2.0.out_conv.0.bias
module.block2.0.out_conv.1.weight
module.block2.0.out_conv.1.bias
module.block2.1.out_conv.0.weight
module.block2.1.out_conv.0.bias
module.block2.1.out_conv.1.weight
module.block2.1.out_conv.1.bias
module.block3.0.out_conv.0.weight
module.block3.0.out_conv.0.bias
module.block3.0.out_conv.1.weight
module.block3.0.out_conv.1.bias
module.block3.1.out_conv.0.weight
module.block3.1.out_conv.0.bias
module.block3.1.out_conv.1.weight
module.block3.1.out_conv.1.bias
module.fc1.0.weight
module.fc1.0.bias
module.fc1.1.weight
module.fc1.1.bias
module.fc2.weight
module.fc2.bias
[Parameter containing:
tensor([[-0.0119,  0.0028, -0.0110,  ..., -0.0062, -0.0050,  0.0178],
        [-0.0134,  0.0175,  0.0069,  ..., -0.0177,  0.0101, -0.0170],
        [ 0.0074,  0.0050, -0.0070,  ...,  0.0081, -0.0145,  0.0003],
        ...,
        [-0.0170, -0.0013, -0.0021,  ..., -0.0099, -0.0105,  0.0027],
        [ 0.0147, -0.0080, -0.0036,  ..., -0.0025, -0.0121,  0.0006],
        [ 0.0177, -0.0101, -0.0118,  ...,  0.0143, -0.0126, -0.0115]],
       device='cuda:0', requires_grad=True), Parameter containing:
tensor([ 2.3936e-04,  1.0181e-02, -1.3090e-02,  1.7338e-02, -1.7440e-02,
        -4.4467e-03,  4.3809e-03, -2.9627e-03, -2.8548e-03,  1.6297e-02,
        -1.3102e-02,  6.2249e-03, -1.3170e-02, -8.5829e-03, -3.2247e-03,
        -8.7635e-03,  1.6831e-02, -1.2463e-02,  4.7026e-03,  1.7354e-02,
        -4.0779e-03,  1.4196e-02, -7.2021e-03,  5.6186e-05,  9.1864e-03,
        -1.6979e-03, -1.1150e-02,  1.7637e-03, -6.4170e-03, -1.6712e-02,
         6.8353e-03,  7.9462e-03,  4.4594e-04,  1.6534e-02, -1.6638e-02,
         1.4315e-02,  4.9827e-03, -2.0859e-03, -1.4123e-02,  7.8089e-03,
        -4.4694e-04, -9.6284e-03, -6.2175e-04, -5.0092e-03, -1.7724e-02,
         6.0363e-03, -1.0733e-03,  5.9695e-03, -1.6100e-02,  1.4456e-02,
        -9.8263e-03,  1.1558e-02,  2.7880e-03, -9.7221e-03,  1.5967e-02,
         1.3924e-02, -1.7075e-03, -1.0422e-03, -1.0878e-02,  3.1592e-03,
        -1.1463e-02,  9.5530e-03, -1.3030e-02,  4.9757e-03, -1.4164e-02,
         5.7474e-03, -1.3100e-02,  6.7587e-03,  1.1479e-02,  3.5436e-03,
        -1.2674e-02,  1.5047e-02,  1.0665e-02, -1.8735e-03,  8.7926e-03,
         3.3236e-03, -1.1121e-02,  5.0483e-04, -1.9621e-03, -1.2602e-02,
        -9.8931e-03,  3.3034e-03, -3.3586e-03, -9.3459e-03, -4.8177e-03,
         1.0126e-02,  1.5803e-02, -7.0453e-03,  1.5444e-02,  1.5902e-02,
         3.8193e-03,  5.9541e-03,  7.5007e-03, -1.3653e-02,  3.9534e-03,
        -9.2414e-03,  1.7502e-02, -1.0239e-02,  7.5102e-03, -1.3700e-02,
        -5.6394e-03, -1.3537e-04,  1.7809e-02, -1.1481e-02, -1.2443e-02,
         3.7930e-03, -1.4754e-02,  1.3259e-02, -1.5689e-02, -7.2359e-03,
        -1.4157e-02,  1.6130e-02,  1.3290e-02,  1.2449e-02,  1.5052e-02,
        -4.6723e-03, -6.5988e-03,  1.6599e-02,  4.2961e-03,  1.0146e-02,
         6.8404e-03, -3.2093e-03,  1.6435e-02,  4.4258e-03, -1.0512e-03,
         3.5336e-03,  1.0059e-02,  7.0147e-03,  4.6001e-03,  1.4060e-02,
         4.9291e-03, -1.5489e-02,  1.0550e-02,  7.9208e-03, -7.2188e-03,
         5.7793e-03,  1.0244e-02, -1.3707e-02,  7.5301e-03, -5.5078e-03,
         5.4820e-03,  9.0261e-03,  1.3574e-02,  1.3375e-02,  2.2283e-03,
         8.9684e-03, -3.9056e-03, -5.0696e-03, -1.5142e-02,  3.4205e-03,
        -7.4579e-03, -1.7703e-02,  1.1733e-02, -1.3712e-02, -6.4428e-05,
        -1.4146e-03, -7.5343e-03,  4.8136e-04,  1.1872e-02,  1.0959e-02,
        -1.7498e-02, -1.6561e-03, -7.1528e-03,  1.1331e-02, -3.5321e-03,
        -1.0926e-02, -7.4098e-04, -1.2467e-02, -1.6125e-02, -5.5180e-04,
        -1.4112e-02,  1.4879e-02,  5.2280e-03,  1.7671e-03, -7.3218e-03,
         1.5500e-02,  1.1359e-02, -1.6013e-02, -6.4308e-03,  1.1429e-02,
        -3.8751e-03,  8.8883e-03, -5.7745e-03,  2.0692e-03, -5.2084e-03,
        -6.1188e-03, -1.0812e-02,  1.6765e-02,  1.9089e-03,  1.6846e-02,
        -4.3113e-03, -1.4756e-02, -1.0119e-02, -8.4512e-03,  1.3257e-02,
         4.6390e-03, -3.3442e-03,  1.5918e-02, -2.3700e-03,  1.3035e-02,
         2.3851e-03, -1.3749e-02, -1.5163e-02, -2.9699e-03, -1.7366e-03,
         1.3334e-02,  5.7291e-03, -5.5985e-03,  1.1900e-02, -1.7462e-02,
         1.1569e-02, -1.1413e-02, -6.0616e-03, -9.6951e-03,  1.7049e-02,
        -1.5679e-02, -9.5925e-03,  1.6871e-03, -4.0272e-03, -1.2391e-02,
        -1.3268e-02,  1.0548e-03, -2.1239e-03, -1.1833e-02, -1.5247e-02,
         1.7114e-02,  1.5354e-02, -7.7814e-03, -1.4552e-02,  9.6590e-03,
         6.9122e-03,  4.7032e-03, -1.0633e-02,  1.1915e-02,  8.5933e-03,
        -1.0097e-02,  1.5043e-02,  6.6582e-03, -7.1405e-03,  1.6925e-02,
         7.1896e-03, -1.4177e-02, -1.2108e-02,  9.3436e-03, -5.9569e-03,
         5.3727e-03,  4.8214e-03, -1.1217e-02, -3.2325e-03,  1.0698e-02,
         6.2812e-03,  1.7268e-03,  2.2979e-03,  1.3786e-02, -1.5067e-02,
         5.4577e-03], device='cuda:0', requires_grad=True), Parameter containing:
tensor([1., 1., 1., 1., 1., 1., 1., 1., 1., 1., 1., 1., 1., 1., 1., 1., 1., 1.,
        1., 1., 1., 1., 1., 1., 1., 1., 1., 1., 1., 1., 1., 1., 1., 1., 1., 1.,
        1., 1., 1., 1., 1., 1., 1., 1., 1., 1., 1., 1., 1., 1., 1., 1., 1., 1.,
        1., 1., 1., 1., 1., 1., 1., 1., 1., 1., 1., 1., 1., 1., 1., 1., 1., 1.,
        1., 1., 1., 1., 1., 1., 1., 1., 1., 1., 1., 1., 1., 1., 1., 1., 1., 1.,
        1., 1., 1., 1., 1., 1., 1., 1., 1., 1., 1., 1., 1., 1., 1., 1., 1., 1.,
        1., 1., 1., 1., 1., 1., 1., 1., 1., 1., 1., 1., 1., 1., 1., 1., 1., 1.,
        1., 1., 1., 1., 1., 1., 1., 1., 1., 1., 1., 1., 1., 1., 1., 1., 1., 1.,
        1., 1., 1., 1., 1., 1., 1., 1., 1., 1., 1., 1., 1., 1., 1., 1., 1., 1.,
        1., 1., 1., 1., 1., 1., 1., 1., 1., 1., 1., 1., 1., 1., 1., 1., 1., 1.,
        1., 1., 1., 1., 1., 1., 1., 1., 1., 1., 1., 1., 1., 1., 1., 1., 1., 1.,
        1., 1., 1., 1., 1., 1., 1., 1., 1., 1., 1., 1., 1., 1., 1., 1., 1., 1.,
        1., 1., 1., 1., 1., 1., 1., 1., 1., 1., 1., 1., 1., 1., 1., 1., 1., 1.,
        1., 1., 1., 1., 1., 1., 1., 1., 1., 1., 1., 1., 1., 1., 1., 1., 1., 1.,
        1., 1., 1., 1.], device='cuda:0', requires_grad=True), Parameter containing:
tensor([0., 0., 0., 0., 0., 0., 0., 0., 0., 0., 0., 0., 0., 0., 0., 0., 0., 0., 0., 0., 0., 0., 0., 0.,
        0., 0., 0., 0., 0., 0., 0., 0., 0., 0., 0., 0., 0., 0., 0., 0., 0., 0., 0., 0., 0., 0., 0., 0.,
        0., 0., 0., 0., 0., 0., 0., 0., 0., 0., 0., 0., 0., 0., 0., 0., 0., 0., 0., 0., 0., 0., 0., 0.,
        0., 0., 0., 0., 0., 0., 0., 0., 0., 0., 0., 0., 0., 0., 0., 0., 0., 0., 0., 0., 0., 0., 0., 0.,
        0., 0., 0., 0., 0., 0., 0., 0., 0., 0., 0., 0., 0., 0., 0., 0., 0., 0., 0., 0., 0., 0., 0., 0.,
        0., 0., 0., 0., 0., 0., 0., 0., 0., 0., 0., 0., 0., 0., 0., 0., 0., 0., 0., 0., 0., 0., 0., 0.,
        0., 0., 0., 0., 0., 0., 0., 0., 0., 0., 0., 0., 0., 0., 0., 0., 0., 0., 0., 0., 0., 0., 0., 0.,
        0., 0., 0., 0., 0., 0., 0., 0., 0., 0., 0., 0., 0., 0., 0., 0., 0., 0., 0., 0., 0., 0., 0., 0.,
        0., 0., 0., 0., 0., 0., 0., 0., 0., 0., 0., 0., 0., 0., 0., 0., 0., 0., 0., 0., 0., 0., 0., 0.,
        0., 0., 0., 0., 0., 0., 0., 0., 0., 0., 0., 0., 0., 0., 0., 0., 0., 0., 0., 0., 0., 0., 0., 0.,
        0., 0., 0., 0., 0., 0., 0., 0., 0., 0., 0., 0., 0., 0., 0., 0.],
       device='cuda:0', requires_grad=True)]
